


ARM Macro Assembler    Page 1 


    1 00000000         ;Version 3 assembly floating point
    2 00000000         ; run with floating-point hardware active
    3 00000000                 EXPORT           Test3
    4 00000000                 EXPORT           Test4
    5 00000000                 AREA             DATA, ALIGN=2
    6 00000000 00 00 00 
              00       T       SPACE            4
    7 00000004 00 00 00 
              00       N       SPACE            4
    8 00000008                 AREA             |.text|, CODE, READONLY, ALIGN=
2
    9 00000000                 THUMB
   10 00000000         Test3
   11 00000000 F04F 0000       MOV              R0,#0
   12 00000004 490B            LDR              R1,=N       ;pointer to N
   13 00000006 4A0C            LDR              R2,=T       ;pointer to T
   14 00000008 EDDF 0A0C       VLDR.F32         S1,=0.009768
   15 0000000C EEB2 1A04       VLDR.F32         S2,=10
   16 00000010 6008    loop3   STR              R0,[R1]     ; N is volatile
   17 00000012 EE00 0A10       VMOV.F32         S0,R0
   18 00000016 EEB8 0A40       VCVT.F32.U32     S0,S0       ; S0 has N
   19 0000001A EE20 0A20       VMUL.F32         S0,S0,S1    ; N*0.09768
   20 0000001E EE30 0A01       VADD.F32         S0,S0,S2    ; 10+N*0.0968
   21 00000022 ED82 0A00       VSTR.F32         S0,[R2]     ; T=10+N*0.0968
   22 00000026 F100 0001       ADD              R0,R0,#1
   23 0000002A F5B0 5F80       CMP              R0,#4096
   24 0000002E D1EF            BNE              loop3
   25 00000030 4770            BX               LR
   26 00000032         
   27 00000032         ;version 4, assembly fixed point
   28 00000032 00 00 00000000 
              00000000 
              3C2009F6         AREA             DATA, ALIGN=2
   29 00000008                 AREA             |.text|, CODE, READONLY, ALIGN=
2
   30 00000040                 THUMB
   31 00000040 B570    Test4   PUSH             {R4,R5,R6,LR}
   32 00000042 F04F 0000       MOV              R0,#0
   33 00000046 490B            LDR              R1,=N       ;pointer to N
   34 00000048 4A0B            LDR              R2,=T       ;pointer to T
   35 0000004A F04F 037D       MOV              R3,#125
   36 0000004E F04F 0440       MOV              R4,#64
   37 00000052 F44F 757A       MOV              R5,#1000
   38 00000056 6008    loop4   STR              R0,[R1]     ; N is volatile
   39 00000058 FB00 F603       MUL              R6,R0,R3    ; N*125
   40 0000005C 4426            ADD              R6,R6,R4    ; N*125+64
   41 0000005E EA4F 16D6       LSR              R6,R6,#7    ; (N*125+64)/128
   42 00000062 442E            ADD              R6,R6,R5    ; 1000+(N*125+64)/1
                                                            28
   43 00000064 6016            STR              R6,[R2]     ; T = 1000+(N*125+6
                                                            4)/128
   44 00000066 F100 0001       ADD              R0,R0,#1
   45 0000006A F5B0 5F80       CMP              R0,#4096
   46 0000006E D1F2            BNE              loop4
   47 00000070 BD70            POP              {R4,R5,R6,PC}
   48 00000072         
   49 00000072 00 00           ALIGN
   50 00000074                 END
              00000000 



ARM Macro Assembler    Page 2 


              00000000 
Command Line: --debug --xref --cpu=Cortex-M4.fp --apcs=interwork --depend=.\flo
atfixasm.d -o.\floatfixasm.o -IC:\Keil\ARM\RV31\INC -IC:\Keil\ARM\CMSIS\Include
 -IC:\Keil\ARM\Inc\Luminary --predefine="__EVAL SETA 1" --predefine="__MICROLIB
 SETA 1" --list=.\floatfixasm.lst FloatFixASM.s



ARM Macro Assembler    Page 1 Alphabetic symbol ordering
Relocatable symbols

DATA 00000000

Symbol: DATA
   Definitions
      At line 5 in file FloatFixASM.s
   Uses
      None
Comment: DATA unused
N 00000004

Symbol: N
   Definitions
      At line 7 in file FloatFixASM.s
   Uses
      At line 12 in file FloatFixASM.s
      At line 33 in file FloatFixASM.s

T 00000000

Symbol: T
   Definitions
      At line 6 in file FloatFixASM.s
   Uses
      At line 13 in file FloatFixASM.s
      At line 34 in file FloatFixASM.s

3 symbols



ARM Macro Assembler    Page 1 Alphabetic symbol ordering
Relocatable symbols

.text 00000000

Symbol: .text
   Definitions
      At line 8 in file FloatFixASM.s
   Uses
      None
Comment: .text unused
Test3 00000000

Symbol: Test3
   Definitions
      At line 10 in file FloatFixASM.s
   Uses
      At line 3 in file FloatFixASM.s
Comment: Test3 used once
Test4 00000040

Symbol: Test4
   Definitions
      At line 31 in file FloatFixASM.s
   Uses
      At line 4 in file FloatFixASM.s
Comment: Test4 used once
loop3 00000010

Symbol: loop3
   Definitions
      At line 16 in file FloatFixASM.s
   Uses
      At line 24 in file FloatFixASM.s
Comment: loop3 used once
loop4 00000056

Symbol: loop4
   Definitions
      At line 38 in file FloatFixASM.s
   Uses
      At line 46 in file FloatFixASM.s
Comment: loop4 used once
5 symbols
345 symbols in table
